<?xml version="1.0" encoding="UTF-8"?>
<testng-results skipped="0" failed="0" ignored="0" total="2" passed="2">
  <reporter-output>
  </reporter-output>
  <suite name="Suite" duration-ms="12935" started-at="2018-09-05T17:20:32Z" finished-at="2018-09-05T17:20:45Z">
    <groups>
    </groups>
    <test name="Test" duration-ms="12935" started-at="2018-09-05T17:20:32Z" finished-at="2018-09-05T17:20:45Z">
      <class name="jenkins.JenkinsWorld">
        <test-method status="PASS" signature="print()[pri:0, instance:jenkins.JenkinsWorld@3bfdc050]" name="print" duration-ms="1" started-at="2018-09-05T17:20:45Z" finished-at="2018-09-05T17:20:45Z">
          <reporter-output>
          </reporter-output>
        </test-method> <!-- print -->
      </class> <!-- jenkins.JenkinsWorld -->
      <class name="jenkins.LoginTest">
        <test-method status="PASS" signature="verifyValidLogin()[pri:0, instance:jenkins.LoginTest@42d80b78]" name="verifyValidLogin" duration-ms="12913" started-at="2018-09-05T17:20:32Z" finished-at="2018-09-05T17:20:45Z">
          <reporter-output>
          </reporter-output>
        </test-method> <!-- verifyValidLogin -->
      </class> <!-- jenkins.LoginTest -->
    </test> <!-- Test -->
  </suite> <!-- Suite -->
</testng-results>
