<?xml version="1.0" encoding="UTF-8"?>
<testng-results skipped="0" failed="0" ignored="0" total="1" passed="1">
  <reporter-output>
  </reporter-output>
  <suite name="Default suite" duration-ms="5193" started-at="2018-09-16T17:33:22Z" finished-at="2018-09-16T17:33:28Z">
    <groups>
    </groups>
    <test name="Default test" duration-ms="5193" started-at="2018-09-16T17:33:22Z" finished-at="2018-09-16T17:33:28Z">
      <class name="LearnMaven.LrnMvn.Slider">
        <test-method status="PASS" signature="slideSlider()[pri:0, instance:LearnMaven.LrnMvn.Slider@224edc67]" name="slideSlider" duration-ms="5174" started-at="2018-09-16T17:33:22Z" finished-at="2018-09-16T17:33:28Z">
          <reporter-output>
          </reporter-output>
        </test-method> <!-- slideSlider -->
      </class> <!-- LearnMaven.LrnMvn.Slider -->
    </test> <!-- Default test -->
  </suite> <!-- Default suite -->
</testng-results>
