<?xml version="1.0" encoding="UTF-8"?>
<!-- Generated by org.testng.reporters.JUnitXMLReporter -->
<testsuite hostname="Keerthana" ignored="0" name="Test" tests="1" failures="1" timestamp="13 Sep 2018 20:50:15 GMT" time="0.046" errors="0">
  <testcase name="xtraSlider" time="0.026" classname="packageNew.Slider">
    <failure type="java.lang.NoClassDefFoundError" message="org/openqa/selenium/remote/SessionNotFoundException">
      <![CDATA[java.lang.NoClassDefFoundError: org/openqa/selenium/remote/SessionNotFoundException
at packageNew.Slider.xtraSlider(Slider.java:16)
Caused by: java.lang.ClassNotFoundException: org.openqa.selenium.remote.SessionNotFoundException
at java.net.URLClassLoader.findClass(URLClassLoader.java:381)
at java.lang.ClassLoader.loadClass(ClassLoader.java:424)
at sun.misc.Launcher$AppClassLoader.loadClass(Launcher.java:349)
at java.lang.ClassLoader.loadClass(ClassLoader.java:357)
... 30 more
... Removed 29 stack frames]]>
    </failure>
  </testcase> <!-- xtraSlider -->
</testsuite> <!-- Test -->
