<?xml version="1.0" encoding="UTF-8"?>
<!-- Generated by org.testng.reporters.JUnitXMLReporter -->
<testsuite hostname="Keerthana" ignored="3" name="Test1" tests="1" failures="0" timestamp="18 Aug 2018 17:29:57 GMT" time="0.031" errors="0">
  <testcase name="addPayee" time="0.015" classname="MkStmt.MakeStatement.Hello"/>
  <testcase name="payBill" time="0.0" classname="MkStmt.MakeStatement.Hello">
    <ignored/>
  </testcase> <!-- payBill -->
  <testcase name="logout" time="0.0" classname="MkStmt.MakeStatement.Hello">
    <ignored/>
  </testcase> <!-- logout -->
  <testcase name="login" time="0.0" classname="MkStmt.MakeStatement.Hello">
    <ignored/>
  </testcase> <!-- login -->
</testsuite> <!-- Test1 -->
