<?xml version="1.0" encoding="UTF-8"?>
<!-- Generated by org.testng.reporters.JUnitXMLReporter -->
<testsuite hostname="Keerthana" ignored="2" name="Test2" tests="2" failures="0" timestamp="17 Aug 2018 19:52:23 GMT" time="0.004" errors="0">
  <testcase name="payBill" time="0.0" classname="MkStmt.MakeStatement.PriorityTestNG"/>
  <testcase name="logout" time="0.001" classname="MkStmt.MakeStatement.PriorityTestNG"/>
  <testcase name="addPayee" time="0.0" classname="MkStmt.MakeStatement.PriorityTestNG">
    <ignored/>
  </testcase> <!-- addPayee -->
  <testcase name="login" time="0.0" classname="MkStmt.MakeStatement.PriorityTestNG">
    <ignored/>
  </testcase> <!-- login -->
</testsuite> <!-- Test2 -->
