<?xml version="1.0" encoding="UTF-8"?>
<testng-results skipped="0" failed="0" total="1" passed="1">
  <reporter-output>
  </reporter-output>
  <suite name="Default suite" duration-ms="16004" started-at="2018-09-16T11:20:11Z" finished-at="2018-09-16T11:20:27Z">
    <groups>
    </groups>
    <test name="Default test" duration-ms="16004" started-at="2018-09-16T11:20:11Z" finished-at="2018-09-16T11:20:27Z">
      <class name="com.selenium.Slider">
        <test-method status="PASS" signature="xtraSlider()[pri:0, instance:com.selenium.Slider@2a5ca609]" name="xtraSlider" duration-ms="15994" started-at="2018-09-16T07:20:11Z" finished-at="2018-09-16T07:20:27Z">
          <reporter-output>
          </reporter-output>
        </test-method> <!-- xtraSlider -->
      </class> <!-- com.selenium.Slider -->
    </test> <!-- Default test -->
  </suite> <!-- Default suite -->
</testng-results>
